build/app/intermediates/manifest_merge_blame_file/debug/manifest-merger-blame-debug-report.txt
1<?xml version="1.0" encoding="utf-8"?>
2<manifest xmlns:android="http://schemas.android.com/apk/res/android"
3    package="com.example.flutter_login"
4    android:versionCode="1"
5    android:versionName="1.0.0" >
6
7    <uses-sdk
8        android:minSdkVersion="21"
9        android:targetSdkVersion="33" />
10    <!--
11         The INTERNET permission is required for development. Specifically,
12         the Flutter tool needs it to communicate with the running application
13         to allow setting breakpoints, to provide hot reload, etc.
14    -->
15    <uses-permission android:name="android.permission.INTERNET" />
15-->src\main\AndroidManifest.xml:3:5-66
15-->src\main\AndroidManifest.xml:3:22-64
16    <uses-permission android:name="android.permission.ACCESS_NETWORK_STATE" />
16-->[com.google.firebase:firebase-auth:21.1.0] AndroidManifest.xml:24:5-79
16-->[com.google.firebase:firebase-auth:21.1.0] AndroidManifest.xml:24:22-76
17
18    <queries>
18-->[com.facebook.android:facebook-common:15.0.2] AndroidManifest.xml:29:5-31:15
19        <package android:name="com.facebook.katana" />
19-->[com.facebook.android:facebook-common:15.0.2] AndroidManifest.xml:30:9-55
19-->[com.facebook.android:facebook-common:15.0.2] AndroidManifest.xml:30:18-52
20    </queries>
21
22    <uses-permission android:name="android.permission.WAKE_LOCK" /> <!-- Required by older versions of Google Play services to create IID tokens -->
22-->[com.google.firebase:firebase-iid:21.1.0] AndroidManifest.xml:24:5-68
22-->[com.google.firebase:firebase-iid:21.1.0] AndroidManifest.xml:24:22-65
23    <uses-permission android:name="com.google.android.c2dm.permission.RECEIVE" />
23-->[com.google.firebase:firebase-iid:21.1.0] AndroidManifest.xml:26:5-82
23-->[com.google.firebase:firebase-iid:21.1.0] AndroidManifest.xml:26:22-79
24    <uses-permission android:name="com.google.android.gms.permission.AD_ID" />
24-->[com.facebook.android:facebook-core:15.0.2] AndroidManifest.xml:28:5-79
24-->[com.facebook.android:facebook-core:15.0.2] AndroidManifest.xml:28:22-76
25    <uses-permission android:name="com.google.android.finsky.permission.BIND_GET_INSTALL_REFERRER_SERVICE" />
25-->[com.android.installreferrer:installreferrer:1.0] AndroidManifest.xml:9:5-110
25-->[com.android.installreferrer:installreferrer:1.0] AndroidManifest.xml:9:22-107
26
27    <application
28        android:name="android.app.Application"
29        android:appComponentFactory="androidx.core.app.CoreComponentFactory"
29-->[androidx.core:core:1.6.0] AndroidManifest.xml:24:18-86
30        android:debuggable="true"
31        android:icon="@mipmap/ic_launcher"
32        android:label="flutter_login"
33        android:supportsRtl="true"
33-->[com.facebook.android:facebook-android-sdk:8.2.0] AndroidManifest.xml:28:18-44
34        android:usesCleartextTraffic="true" >
34-->[:cloud_functions] AndroidManifest.xml:11:9-44
35        android:enableOnBackInvokedCallback="true"
36        <meta-data
37            android:name="com.facebook.sdk.ApplicationId"
38            android:value="@string/facebook_app_id" />
39        <meta-data
40            android:name="com.facebook.sdk.ClientToken"
41            android:value="@string/facebook_client_token" />
42
43        <activity
44            android:name="com.example.flutter_login.MainActivity"
45            android:configChanges="orientation|keyboardHidden|keyboard|screenSize|smallestScreenSize|locale|layoutDirection|fontScale|screenLayout|density|uiMode"
46            android:exported="true"
47            android:hardwareAccelerated="true"
48            android:launchMode="singleTop"
49            android:theme="@style/LaunchTheme"
50            android:windowSoftInputMode="adjustResize" >
51
52            <!--
53                 Specifies an Android theme to apply to this Activity as soon as
54                 the Android process has started. This theme is visible to the user
55                 while the Flutter UI initializes. After that, this theme continues
56                 to determine the Window background behind the Flutter UI.
57            -->
58            <meta-data
59                android:name="io.flutter.embedding.android.NormalTheme"
60                android:resource="@style/NormalTheme" />
61
62            <intent-filter>
63                <action android:name="android.intent.action.MAIN" />
64
65                <category android:name="android.intent.category.LAUNCHER" />
66            </intent-filter>
67        </activity>
68        <!--
69             Don't delete the meta-data below.
70             This is used by the Flutter tool to generate GeneratedPluginRegistrant.java
71        -->
72        <meta-data
73            android:name="flutterEmbedding"
74            android:value="2" />
75
76        <service
76-->[:cloud_functions] AndroidManifest.xml:13:9-17:19
77            android:name="com.google.firebase.components.ComponentDiscoveryService"
77-->[:cloud_functions] AndroidManifest.xml:13:18-89
78            android:directBootAware="true"
78-->[com.google.firebase:firebase-common:20.3.0] AndroidManifest.xml:34:13-43
79            android:exported="false" >
79-->[com.google.firebase:firebase-auth:21.1.0] AndroidManifest.xml:66:13-37
80            <meta-data
80-->[:cloud_functions] AndroidManifest.xml:14:13-16:85
81                android:name="com.google.firebase.components:io.flutter.plugins.firebase.functions.FlutterFirebaseAppRegistrar"
81-->[:cloud_functions] AndroidManifest.xml:15:17-128
82                android:value="com.google.firebase.components.ComponentRegistrar" />
82-->[:cloud_functions] AndroidManifest.xml:16:17-82
83            <meta-data
83-->[:firebase_auth] AndroidManifest.xml:11:13-13:85
84                android:name="com.google.firebase.components:io.flutter.plugins.firebase.auth.FlutterFirebaseAuthRegistrar"
84-->[:firebase_auth] AndroidManifest.xml:12:17-124
85                android:value="com.google.firebase.components.ComponentRegistrar" />
85-->[:firebase_auth] AndroidManifest.xml:13:17-82
86            <meta-data
86-->[:cloud_firestore] AndroidManifest.xml:11:13-13:85
87                android:name="com.google.firebase.components:io.flutter.plugins.firebase.firestore.FlutterFirebaseFirestoreRegistrar"
87-->[:cloud_firestore] AndroidManifest.xml:12:17-134
88                android:value="com.google.firebase.components.ComponentRegistrar" />
88-->[:cloud_firestore] AndroidManifest.xml:13:17-82
89            <meta-data
89-->[:firebase_core] AndroidManifest.xml:11:13-13:85
90                android:name="com.google.firebase.components:io.flutter.plugins.firebase.core.FlutterFirebaseCoreRegistrar"
90-->[:firebase_core] AndroidManifest.xml:12:17-124
91                android:value="com.google.firebase.components.ComponentRegistrar" />
91-->[:firebase_core] AndroidManifest.xml:13:17-82
92            <meta-data
92-->[com.google.firebase:firebase-auth:21.1.0] AndroidManifest.xml:67:13-69:85
93                android:name="com.google.firebase.components:com.google.firebase.auth.FirebaseAuthRegistrar"
93-->[com.google.firebase:firebase-auth:21.1.0] AndroidManifest.xml:68:17-109
94                android:value="com.google.firebase.components.ComponentRegistrar" />
94-->[com.google.firebase:firebase-auth:21.1.0] AndroidManifest.xml:69:17-82
95            <meta-data
95-->[com.google.firebase:firebase-functions:20.2.2] AndroidManifest.xml:17:13-19:85
96                android:name="com.google.firebase.components:com.google.firebase.functions.FunctionsRegistrar"
96-->[com.google.firebase:firebase-functions:20.2.2] AndroidManifest.xml:18:17-111
97                android:value="com.google.firebase.components.ComponentRegistrar" />
97-->[com.google.firebase:firebase-functions:20.2.2] AndroidManifest.xml:19:17-82
98            <meta-data
98-->[com.google.firebase:firebase-firestore:24.4.3] AndroidManifest.xml:19:13-21:85
99                android:name="com.google.firebase.components:com.google.firebase.firestore.FirestoreRegistrar"
99-->[com.google.firebase:firebase-firestore:24.4.3] AndroidManifest.xml:20:17-111
100                android:value="com.google.firebase.components.ComponentRegistrar" />
100-->[com.google.firebase:firebase-firestore:24.4.3] AndroidManifest.xml:21:17-82
101            <meta-data
101-->[com.google.firebase:firebase-iid:21.1.0] AndroidManifest.xml:32:13-34:85
102                android:name="com.google.firebase.components:com.google.firebase.iid.Registrar"
102-->[com.google.firebase:firebase-iid:21.1.0] AndroidManifest.xml:33:17-96
103                android:value="com.google.firebase.components.ComponentRegistrar" />
103-->[com.google.firebase:firebase-iid:21.1.0] AndroidManifest.xml:34:17-82
104            <meta-data
104-->[com.google.firebase:firebase-installations:17.1.2] AndroidManifest.xml:17:13-19:85
105                android:name="com.google.firebase.components:com.google.firebase.installations.FirebaseInstallationsRegistrar"
105-->[com.google.firebase:firebase-installations:17.1.2] AndroidManifest.xml:18:17-127
106                android:value="com.google.firebase.components.ComponentRegistrar" />
106-->[com.google.firebase:firebase-installations:17.1.2] AndroidManifest.xml:19:17-82
107        </service>
108
109        <uses-library
109-->[androidx.window:window:1.0.0-beta04] AndroidManifest.xml:25:9-27:40
110            android:name="androidx.window.extensions"
110-->[androidx.window:window:1.0.0-beta04] AndroidManifest.xml:26:13-54
111            android:required="false" />
111-->[androidx.window:window:1.0.0-beta04] AndroidManifest.xml:27:13-37
112        <uses-library
112-->[androidx.window:window:1.0.0-beta04] AndroidManifest.xml:28:9-30:40
113            android:name="androidx.window.sidecar"
113-->[androidx.window:window:1.0.0-beta04] AndroidManifest.xml:29:13-51
114            android:required="false" />
114-->[androidx.window:window:1.0.0-beta04] AndroidManifest.xml:30:13-37
115
116        <activity
116-->[com.google.firebase:firebase-auth:21.1.0] AndroidManifest.xml:27:9-44:20
117            android:name="com.google.firebase.auth.internal.GenericIdpActivity"
117-->[com.google.firebase:firebase-auth:21.1.0] AndroidManifest.xml:28:13-80
118            android:excludeFromRecents="true"
118-->[com.google.firebase:firebase-auth:21.1.0] AndroidManifest.xml:29:13-46
119            android:exported="true"
119-->[com.google.firebase:firebase-auth:21.1.0] AndroidManifest.xml:30:13-36
120            android:launchMode="singleTask"
120-->[com.google.firebase:firebase-auth:21.1.0] AndroidManifest.xml:31:13-44
121            android:theme="@android:style/Theme.Translucent.NoTitleBar" >
121-->[com.google.firebase:firebase-auth:21.1.0] AndroidManifest.xml:32:13-72
122            <intent-filter>
122-->[com.google.firebase:firebase-auth:21.1.0] AndroidManifest.xml:33:13-43:29
123                <action android:name="android.intent.action.VIEW" />
123-->[com.google.firebase:firebase-auth:21.1.0] AndroidManifest.xml:34:17-69
123-->[com.google.firebase:firebase-auth:21.1.0] AndroidManifest.xml:34:25-66
124
125                <category android:name="android.intent.category.DEFAULT" />
125-->[com.google.firebase:firebase-auth:21.1.0] AndroidManifest.xml:36:17-76
125-->[com.google.firebase:firebase-auth:21.1.0] AndroidManifest.xml:36:27-73
126                <category android:name="android.intent.category.BROWSABLE" />
126-->[com.google.firebase:firebase-auth:21.1.0] AndroidManifest.xml:37:17-78
126-->[com.google.firebase:firebase-auth:21.1.0] AndroidManifest.xml:37:27-75
127
128                <data
128-->[com.google.firebase:firebase-auth:21.1.0] AndroidManifest.xml:39:17-42:51
129                    android:host="firebase.auth"
129-->[com.google.firebase:firebase-auth:21.1.0] AndroidManifest.xml:40:21-49
130                    android:path="/"
130-->[com.google.firebase:firebase-auth:21.1.0] AndroidManifest.xml:41:21-37
131                    android:scheme="genericidp" />
131-->[com.google.firebase:firebase-auth:21.1.0] AndroidManifest.xml:42:21-48
132            </intent-filter>
133        </activity>
134        <activity
134-->[com.google.firebase:firebase-auth:21.1.0] AndroidManifest.xml:45:9-62:20
135            android:name="com.google.firebase.auth.internal.RecaptchaActivity"
135-->[com.google.firebase:firebase-auth:21.1.0] AndroidManifest.xml:46:13-79
136            android:excludeFromRecents="true"
136-->[com.google.firebase:firebase-auth:21.1.0] AndroidManifest.xml:47:13-46
137            android:exported="true"
137-->[com.google.firebase:firebase-auth:21.1.0] AndroidManifest.xml:48:13-36
138            android:launchMode="singleTask"
138-->[com.google.firebase:firebase-auth:21.1.0] AndroidManifest.xml:49:13-44
139            android:theme="@android:style/Theme.Translucent.NoTitleBar" >
139-->[com.google.firebase:firebase-auth:21.1.0] AndroidManifest.xml:50:13-72
140            <intent-filter>
140-->[com.google.firebase:firebase-auth:21.1.0] AndroidManifest.xml:51:13-61:29
141                <action android:name="android.intent.action.VIEW" />
141-->[com.google.firebase:firebase-auth:21.1.0] AndroidManifest.xml:34:17-69
141-->[com.google.firebase:firebase-auth:21.1.0] AndroidManifest.xml:34:25-66
142
143                <category android:name="android.intent.category.DEFAULT" />
143-->[com.google.firebase:firebase-auth:21.1.0] AndroidManifest.xml:36:17-76
143-->[com.google.firebase:firebase-auth:21.1.0] AndroidManifest.xml:36:27-73
144                <category android:name="android.intent.category.BROWSABLE" />
144-->[com.google.firebase:firebase-auth:21.1.0] AndroidManifest.xml:37:17-78
144-->[com.google.firebase:firebase-auth:21.1.0] AndroidManifest.xml:37:27-75
145
146                <data
146-->[com.google.firebase:firebase-auth:21.1.0] AndroidManifest.xml:39:17-42:51
147                    android:host="firebase.auth"
147-->[com.google.firebase:firebase-auth:21.1.0] AndroidManifest.xml:40:21-49
148                    android:path="/"
148-->[com.google.firebase:firebase-auth:21.1.0] AndroidManifest.xml:41:21-37
149                    android:scheme="recaptcha" />
149-->[com.google.firebase:firebase-auth:21.1.0] AndroidManifest.xml:42:21-48
150            </intent-filter>
151        </activity>
152        <activity
152-->[com.google.android.gms:play-services-auth:20.4.1] AndroidManifest.xml:23:9-27:75
153            android:name="com.google.android.gms.auth.api.signin.internal.SignInHubActivity"
153-->[com.google.android.gms:play-services-auth:20.4.1] AndroidManifest.xml:24:13-93
154            android:excludeFromRecents="true"
154-->[com.google.android.gms:play-services-auth:20.4.1] AndroidManifest.xml:25:13-46
155            android:exported="false"
155-->[com.google.android.gms:play-services-auth:20.4.1] AndroidManifest.xml:26:13-37
156            android:theme="@android:style/Theme.Translucent.NoTitleBar" />
156-->[com.google.android.gms:play-services-auth:20.4.1] AndroidManifest.xml:27:13-72
157        <!--
158            Service handling Google Sign-In user revocation. For apps that do not integrate with
159            Google Sign-In, this service will never be started.
160        -->
161        <service
161-->[com.google.android.gms:play-services-auth:20.4.1] AndroidManifest.xml:33:9-37:51
162            android:name="com.google.android.gms.auth.api.signin.RevocationBoundService"
162-->[com.google.android.gms:play-services-auth:20.4.1] AndroidManifest.xml:34:13-89
163            android:exported="true"
163-->[com.google.android.gms:play-services-auth:20.4.1] AndroidManifest.xml:35:13-36
164            android:permission="com.google.android.gms.auth.api.signin.permission.REVOCATION_NOTIFICATION"
164-->[com.google.android.gms:play-services-auth:20.4.1] AndroidManifest.xml:36:13-107
165            android:visibleToInstantApps="true" />
165-->[com.google.android.gms:play-services-auth:20.4.1] AndroidManifest.xml:37:13-48
166
167        <activity
167-->[com.facebook.android:facebook-common:15.0.2] AndroidManifest.xml:34:9-37:66
168            android:name="com.facebook.FacebookActivity"
168-->[com.facebook.android:facebook-common:15.0.2] AndroidManifest.xml:35:13-57
169            android:configChanges="keyboard|keyboardHidden|screenLayout|screenSize|orientation"
169-->[com.facebook.android:facebook-common:15.0.2] AndroidManifest.xml:36:13-96
170            android:theme="@style/com_facebook_activity_theme" />
170-->[com.facebook.android:facebook-common:15.0.2] AndroidManifest.xml:37:13-63
171        <activity android:name="com.facebook.CustomTabMainActivity" />
171-->[com.facebook.android:facebook-common:15.0.2] AndroidManifest.xml:38:9-71
171-->[com.facebook.android:facebook-common:15.0.2] AndroidManifest.xml:38:19-68
172        <activity
172-->[com.facebook.android:facebook-common:15.0.2] AndroidManifest.xml:39:9-53:20
173            android:name="com.facebook.CustomTabActivity"
173-->[com.facebook.android:facebook-common:15.0.2] AndroidManifest.xml:40:13-58
174            android:exported="true" >
174-->[com.facebook.android:facebook-common:15.0.2] AndroidManifest.xml:41:13-36
175            <intent-filter>
175-->[com.facebook.android:facebook-common:15.0.2] AndroidManifest.xml:43:13-52:29
176                <action android:name="android.intent.action.VIEW" />
176-->[com.google.firebase:firebase-auth:21.1.0] AndroidManifest.xml:34:17-69
176-->[com.google.firebase:firebase-auth:21.1.0] AndroidManifest.xml:34:25-66
177
178                <category android:name="android.intent.category.DEFAULT" />
178-->[com.google.firebase:firebase-auth:21.1.0] AndroidManifest.xml:36:17-76
178-->[com.google.firebase:firebase-auth:21.1.0] AndroidManifest.xml:36:27-73
179                <category android:name="android.intent.category.BROWSABLE" />
179-->[com.google.firebase:firebase-auth:21.1.0] AndroidManifest.xml:37:17-78
179-->[com.google.firebase:firebase-auth:21.1.0] AndroidManifest.xml:37:27-75
180
181                <data
181-->[com.google.firebase:firebase-auth:21.1.0] AndroidManifest.xml:39:17-42:51
182                    android:host="cct.com.example.flutter_login"
182-->[com.google.firebase:firebase-auth:21.1.0] AndroidManifest.xml:40:21-49
183                    android:scheme="fbconnect" />
183-->[com.google.firebase:firebase-auth:21.1.0] AndroidManifest.xml:42:21-48
184            </intent-filter>
185        </activity>
186
187        <provider
187-->[com.google.firebase:firebase-common:20.3.0] AndroidManifest.xml:25:9-30:39
188            android:name="com.google.firebase.provider.FirebaseInitProvider"
188-->[com.google.firebase:firebase-common:20.3.0] AndroidManifest.xml:26:13-77
189            android:authorities="com.example.flutter_login.firebaseinitprovider"
189-->[com.google.firebase:firebase-common:20.3.0] AndroidManifest.xml:27:13-72
190            android:directBootAware="true"
190-->[com.google.firebase:firebase-common:20.3.0] AndroidManifest.xml:28:13-43
191            android:exported="false"
191-->[com.google.firebase:firebase-common:20.3.0] AndroidManifest.xml:29:13-37
192            android:initOrder="100" />
192-->[com.google.firebase:firebase-common:20.3.0] AndroidManifest.xml:30:13-36
193
194        <activity
194-->[com.google.android.gms:play-services-base:18.1.0] AndroidManifest.xml:20:9-22:45
195            android:name="com.google.android.gms.common.api.GoogleApiActivity"
195-->[com.google.android.gms:play-services-base:18.1.0] AndroidManifest.xml:20:19-85
196            android:exported="false"
196-->[com.google.android.gms:play-services-base:18.1.0] AndroidManifest.xml:22:19-43
197            android:theme="@android:style/Theme.Translucent.NoTitleBar" />
197-->[com.google.android.gms:play-services-base:18.1.0] AndroidManifest.xml:21:19-78
198
199        <meta-data
199-->[com.google.android.gms:play-services-basement:18.1.0] AndroidManifest.xml:21:9-23:69
200            android:name="com.google.android.gms.version"
200-->[com.google.android.gms:play-services-basement:18.1.0] AndroidManifest.xml:22:13-58
201            android:value="@integer/google_play_services_version" />
201-->[com.google.android.gms:play-services-basement:18.1.0] AndroidManifest.xml:23:13-66
202        <!--
203         The initialization ContentProvider will call FacebookSdk.sdkInitialize automatically
204         with the application context. This config is merged in with the host app's manifest,
205         but there can only be one provider with the same authority activated at any given
206         point; so if the end user has two or more different apps that use Facebook SDK, only the
207         first one will be able to use the provider. To work around this problem, we use the
208         following placeholder in the authority to identify each host application as if it was
209         a completely different provider.
210        -->
211        <provider
211-->[com.facebook.android:facebook-core:15.0.2] AndroidManifest.xml:41:9-44:40
212            android:name="com.facebook.internal.FacebookInitProvider"
212-->[com.facebook.android:facebook-core:15.0.2] AndroidManifest.xml:42:13-70
213            android:authorities="com.example.flutter_login.FacebookInitProvider"
213-->[com.facebook.android:facebook-core:15.0.2] AndroidManifest.xml:43:13-72
214            android:exported="false" />
214-->[com.facebook.android:facebook-core:15.0.2] AndroidManifest.xml:44:13-37
215
216        <receiver
216-->[com.facebook.android:facebook-core:15.0.2] AndroidManifest.xml:46:9-52:20
217            android:name="com.facebook.CurrentAccessTokenExpirationBroadcastReceiver"
217-->[com.facebook.android:facebook-core:15.0.2] AndroidManifest.xml:47:13-86
218            android:exported="false" >
218-->[com.facebook.android:facebook-core:15.0.2] AndroidManifest.xml:48:13-37
219            <intent-filter>
219-->[com.facebook.android:facebook-core:15.0.2] AndroidManifest.xml:49:13-51:29
220                <action android:name="com.facebook.sdk.ACTION_CURRENT_ACCESS_TOKEN_CHANGED" />
220-->[com.facebook.android:facebook-core:15.0.2] AndroidManifest.xml:50:17-95
220-->[com.facebook.android:facebook-core:15.0.2] AndroidManifest.xml:50:25-92
221            </intent-filter>
222        </receiver>
223        <receiver
223-->[com.facebook.android:facebook-core:15.0.2] AndroidManifest.xml:53:9-59:20
224            android:name="com.facebook.AuthenticationTokenManager$CurrentAuthenticationTokenChangedBroadcastReceiver"
224-->[com.facebook.android:facebook-core:15.0.2] AndroidManifest.xml:54:13-118
225            android:exported="false" >
225-->[com.facebook.android:facebook-core:15.0.2] AndroidManifest.xml:55:13-37
226            <intent-filter>
226-->[com.facebook.android:facebook-core:15.0.2] AndroidManifest.xml:56:13-58:29
227                <action android:name="com.facebook.sdk.ACTION_CURRENT_AUTHENTICATION_TOKEN_CHANGED" />
227-->[com.facebook.android:facebook-core:15.0.2] AndroidManifest.xml:57:17-103
227-->[com.facebook.android:facebook-core:15.0.2] AndroidManifest.xml:57:25-100
228            </intent-filter>
229        </receiver>
230    </application>
231
232</manifest>